  [1m[35m (1.9ms)[0m  [1m[34mSELECT sqlite_version(*)[0m
  [1m[35m (1.1ms)[0m  [1m[35mCREATE TABLE "schema_migrations" ("version" varchar NOT NULL PRIMARY KEY)[0m
  [1m[35m (1.0ms)[0m  [1m[35mCREATE TABLE "ar_internal_metadata" ("key" varchar NOT NULL PRIMARY KEY, "value" varchar, "created_at" datetime(6) NOT NULL, "updated_at" datetime(6) NOT NULL)[0m
  [1m[35m (0.2ms)[0m  [1m[34mSELECT "schema_migrations"."version" FROM "schema_migrations" ORDER BY "schema_migrations"."version" ASC[0m
Migrating to CreateDays (20210322154936)
  [1m[36mTRANSACTION (0.1ms)[0m  [1m[36mbegin transaction[0m
  [1m[35m (0.7ms)[0m  [1m[35mCREATE TABLE "days" ("id" integer PRIMARY KEY AUTOINCREMENT NOT NULL, "date" varchar, "open_hour" integer, "close_hour" integer, "created_at" datetime(6) NOT NULL, "updated_at" datetime(6) NOT NULL)[0m
  [1m[36mActiveRecord::SchemaMigration Create (0.2ms)[0m  [1m[32mINSERT INTO "schema_migrations" ("version") VALUES (?)[0m  [["version", "20210322154936"]]
  [1m[36mTRANSACTION (0.6ms)[0m  [1m[36mcommit transaction[0m
Migrating to CreateAppointments (20210322155054)
  [1m[36mTRANSACTION (0.1ms)[0m  [1m[36mbegin transaction[0m
  [1m[35m (0.4ms)[0m  [1m[35mCREATE TABLE "appointments" ("id" integer PRIMARY KEY AUTOINCREMENT NOT NULL, "time" varchar, "client" varchar, "day_id" integer NOT NULL, "created_at" datetime(6) NOT NULL, "updated_at" datetime(6) NOT NULL, CONSTRAINT "fk_rails_b8753cdf79"
FOREIGN KEY ("day_id")
  REFERENCES "days" ("id")
)[0m
  [1m[35m (0.1ms)[0m  [1m[35mCREATE INDEX "index_appointments_on_day_id" ON "appointments" ("day_id")[0m
  [1m[36mActiveRecord::SchemaMigration Create (0.1ms)[0m  [1m[32mINSERT INTO "schema_migrations" ("version") VALUES (?)[0m  [["version", "20210322155054"]]
  [1m[36mTRANSACTION (0.7ms)[0m  [1m[36mcommit transaction[0m
Migrating to CreateBarbers (20210322155125)
  [1m[36mTRANSACTION (0.0ms)[0m  [1m[36mbegin transaction[0m
  [1m[35m (0.5ms)[0m  [1m[35mCREATE TABLE "barbers" ("id" integer PRIMARY KEY AUTOINCREMENT NOT NULL, "name" varchar, "day_id" integer NOT NULL, "appointment_id" integer NOT NULL, "created_at" datetime(6) NOT NULL, "updated_at" datetime(6) NOT NULL, CONSTRAINT "fk_rails_218da44784"
FOREIGN KEY ("day_id")
  REFERENCES "days" ("id")
, CONSTRAINT "fk_rails_063a6a1842"
FOREIGN KEY ("appointment_id")
  REFERENCES "appointments" ("id")
)[0m
  [1m[35m (0.1ms)[0m  [1m[35mCREATE INDEX "index_barbers_on_day_id" ON "barbers" ("day_id")[0m
  [1m[35m (0.1ms)[0m  [1m[35mCREATE INDEX "index_barbers_on_appointment_id" ON "barbers" ("appointment_id")[0m
  [1m[36mActiveRecord::SchemaMigration Create (0.2ms)[0m  [1m[32mINSERT INTO "schema_migrations" ("version") VALUES (?)[0m  [["version", "20210322155125"]]
  [1m[36mTRANSACTION (0.7ms)[0m  [1m[36mcommit transaction[0m
  [1m[36mActiveRecord::InternalMetadata Load (0.2ms)[0m  [1m[34mSELECT "ar_internal_metadata".* FROM "ar_internal_metadata" WHERE "ar_internal_metadata"."key" = ? LIMIT ?[0m  [["key", "environment"], ["LIMIT", 1]]
  [1m[36mTRANSACTION (0.0ms)[0m  [1m[36mbegin transaction[0m
  [1m[36mActiveRecord::InternalMetadata Create (0.4ms)[0m  [1m[32mINSERT INTO "ar_internal_metadata" ("key", "value", "created_at", "updated_at") VALUES (?, ?, ?, ?)[0m  [["key", "environment"], ["value", "development"], ["created_at", "2021-03-22 15:56:28.770934"], ["updated_at", "2021-03-22 15:56:28.770934"]]
  [1m[36mTRANSACTION (0.6ms)[0m  [1m[36mcommit transaction[0m
  [1m[35m (0.1ms)[0m  [1m[34mSELECT sqlite_version(*)[0m
  [1m[35m (0.1ms)[0m  [1m[34mSELECT "schema_migrations"."version" FROM "schema_migrations" ORDER BY "schema_migrations"."version" ASC[0m
  [1m[35m (0.6ms)[0m  [1m[34mSELECT sqlite_version(*)[0m
  [1m[36mTRANSACTION (0.1ms)[0m  [1m[36mbegin transaction[0m
  [1m[36mDay Create (0.8ms)[0m  [1m[32mINSERT INTO "days" ("created_at", "updated_at") VALUES (?, ?)[0m  [["created_at", "2021-03-22 15:57:03.500740"], ["updated_at", "2021-03-22 15:57:03.500740"]]
  [1m[36mTRANSACTION (1.2ms)[0m  [1m[36mcommit transaction[0m
  [1m[36mBarber Load (0.2ms)[0m  [1m[34mSELECT "barbers".* FROM "barbers" WHERE "barbers"."day_id" = ? /* loading for inspect */ LIMIT ?[0m  [["day_id", 1], ["LIMIT", 11]]
  [1m[36mAppointment Load (0.2ms)[0m  [1m[34mSELECT "appointments".* FROM "appointments" WHERE "appointments"."day_id" = ? /* loading for inspect */ LIMIT ?[0m  [["day_id", 1], ["LIMIT", 11]]
  [1m[36mTRANSACTION (0.1ms)[0m  [1m[36mbegin transaction[0m
  [1m[36mDay Load (0.3ms)[0m  [1m[34mSELECT "days".* FROM "days" WHERE "days"."id" = ? LIMIT ?[0m  [["id", 1], ["LIMIT", 1]]
  [1m[36mAppointment Create (0.6ms)[0m  [1m[32mINSERT INTO "appointments" ("day_id", "created_at", "updated_at") VALUES (?, ?, ?)[0m  [["day_id", 1], ["created_at", "2021-03-22 15:58:56.385607"], ["updated_at", "2021-03-22 15:58:56.385607"]]
  [1m[36mTRANSACTION (1.3ms)[0m  [1m[36mcommit transaction[0m
  [1m[36mDay Load (0.3ms)[0m  [1m[34mSELECT "days".* FROM "days" WHERE "days"."id" = ? LIMIT ?[0m  [["id", 1], ["LIMIT", 1]]
  [1m[36mBarber Load (0.3ms)[0m  [1m[34mSELECT "barbers".* FROM "barbers" WHERE "barbers"."day_id" = ? /* loading for inspect */ LIMIT ?[0m  [["day_id", 1], ["LIMIT", 11]]
  [1m[35m (0.7ms)[0m  [1m[34mSELECT sqlite_version(*)[0m
  [1m[35m (0.1ms)[0m  [1m[34mSELECT "schema_migrations"."version" FROM "schema_migrations" ORDER BY "schema_migrations"."version" ASC[0m
  [1m[35m (0.1ms)[0m  [1m[34mSELECT "schema_migrations"."version" FROM "schema_migrations" ORDER BY "schema_migrations"."version" ASC[0m
  [1m[35m (0.1ms)[0m  [1m[34mSELECT "schema_migrations"."version" FROM "schema_migrations" ORDER BY "schema_migrations"."version" ASC[0m
  [1m[35m (0.1ms)[0m  [1m[34mSELECT "schema_migrations"."version" FROM "schema_migrations" ORDER BY "schema_migrations"."version" ASC[0m
Migrating to CreateBarbers (20210322155125)
  [1m[36mTRANSACTION (0.0ms)[0m  [1m[36mbegin transaction[0m
  [1m[35m (1.0ms)[0m  [1m[35mDROP TABLE "barbers"[0m
  [1m[36mActiveRecord::SchemaMigration Destroy (0.2ms)[0m  [1m[31mDELETE FROM "schema_migrations" WHERE "schema_migrations"."version" = ?[0m  [["version", "20210322155125"]]
  [1m[36mTRANSACTION (0.6ms)[0m  [1m[36mcommit transaction[0m
  [1m[35m (0.0ms)[0m  [1m[34mSELECT sqlite_version(*)[0m
  [1m[35m (0.1ms)[0m  [1m[34mSELECT "schema_migrations"."version" FROM "schema_migrations" ORDER BY "schema_migrations"."version" ASC[0m
  [1m[35m (0.4ms)[0m  [1m[34mSELECT sqlite_version(*)[0m
  [1m[35m (0.1ms)[0m  [1m[34mSELECT "schema_migrations"."version" FROM "schema_migrations" ORDER BY "schema_migrations"."version" ASC[0m
  [1m[35m (0.1ms)[0m  [1m[34mSELECT "schema_migrations"."version" FROM "schema_migrations" ORDER BY "schema_migrations"."version" ASC[0m
  [1m[35m (0.1ms)[0m  [1m[34mSELECT "schema_migrations"."version" FROM "schema_migrations" ORDER BY "schema_migrations"."version" ASC[0m
  [1m[35m (0.0ms)[0m  [1m[34mSELECT "schema_migrations"."version" FROM "schema_migrations" ORDER BY "schema_migrations"."version" ASC[0m
Migrating to CreateAppointments (20210322155054)
  [1m[36mTRANSACTION (0.0ms)[0m  [1m[36mbegin transaction[0m
  [1m[35m (0.5ms)[0m  [1m[35mDROP TABLE "appointments"[0m
  [1m[36mActiveRecord::SchemaMigration Destroy (0.1ms)[0m  [1m[31mDELETE FROM "schema_migrations" WHERE "schema_migrations"."version" = ?[0m  [["version", "20210322155054"]]
  [1m[36mTRANSACTION (0.8ms)[0m  [1m[36mcommit transaction[0m
  [1m[35m (0.0ms)[0m  [1m[34mSELECT sqlite_version(*)[0m
  [1m[35m (0.1ms)[0m  [1m[34mSELECT "schema_migrations"."version" FROM "schema_migrations" ORDER BY "schema_migrations"."version" ASC[0m
  [1m[35m (0.4ms)[0m  [1m[34mSELECT sqlite_version(*)[0m
  [1m[35m (0.1ms)[0m  [1m[34mSELECT "schema_migrations"."version" FROM "schema_migrations" ORDER BY "schema_migrations"."version" ASC[0m
  [1m[35m (0.1ms)[0m  [1m[34mSELECT "schema_migrations"."version" FROM "schema_migrations" ORDER BY "schema_migrations"."version" ASC[0m
  [1m[35m (0.1ms)[0m  [1m[34mSELECT "schema_migrations"."version" FROM "schema_migrations" ORDER BY "schema_migrations"."version" ASC[0m
  [1m[35m (0.0ms)[0m  [1m[34mSELECT "schema_migrations"."version" FROM "schema_migrations" ORDER BY "schema_migrations"."version" ASC[0m
Migrating to CreateDays (20210322154936)
  [1m[36mTRANSACTION (0.0ms)[0m  [1m[36mbegin transaction[0m
  [1m[35m (0.4ms)[0m  [1m[35mDROP TABLE "days"[0m
  [1m[36mActiveRecord::SchemaMigration Destroy (0.1ms)[0m  [1m[31mDELETE FROM "schema_migrations" WHERE "schema_migrations"."version" = ?[0m  [["version", "20210322154936"]]
  [1m[36mTRANSACTION (0.8ms)[0m  [1m[36mcommit transaction[0m
  [1m[35m (0.0ms)[0m  [1m[34mSELECT sqlite_version(*)[0m
  [1m[35m (0.1ms)[0m  [1m[34mSELECT "schema_migrations"."version" FROM "schema_migrations" ORDER BY "schema_migrations"."version" ASC[0m
  [1m[35m (0.4ms)[0m  [1m[34mSELECT sqlite_version(*)[0m
  [1m[35m (0.1ms)[0m  [1m[34mSELECT "schema_migrations"."version" FROM "schema_migrations" ORDER BY "schema_migrations"."version" ASC[0m
  [1m[35m (0.1ms)[0m  [1m[34mSELECT "schema_migrations"."version" FROM "schema_migrations" ORDER BY "schema_migrations"."version" ASC[0m
  [1m[35m (0.0ms)[0m  [1m[34mSELECT "schema_migrations"."version" FROM "schema_migrations" ORDER BY "schema_migrations"."version" ASC[0m
  [1m[35m (0.0ms)[0m  [1m[34mSELECT sqlite_version(*)[0m
  [1m[35m (0.1ms)[0m  [1m[34mSELECT "schema_migrations"."version" FROM "schema_migrations" ORDER BY "schema_migrations"."version" ASC[0m
  [1m[35m (0.6ms)[0m  [1m[34mSELECT sqlite_version(*)[0m
  [1m[35m (0.3ms)[0m  [1m[34mSELECT "schema_migrations"."version" FROM "schema_migrations" ORDER BY "schema_migrations"."version" ASC[0m
Migrating to CreateDays (20210322154936)
  [1m[36mTRANSACTION (0.0ms)[0m  [1m[36mbegin transaction[0m
  [1m[35m (0.6ms)[0m  [1m[35mCREATE TABLE "days" ("id" integer PRIMARY KEY AUTOINCREMENT NOT NULL, "date" varchar, "open_hour" integer, "close_hour" integer, "created_at" datetime(6) NOT NULL, "updated_at" datetime(6) NOT NULL)[0m
  [1m[36mActiveRecord::SchemaMigration Create (0.3ms)[0m  [1m[32mINSERT INTO "schema_migrations" ("version") VALUES (?)[0m  [["version", "20210322154936"]]
  [1m[36mTRANSACTION (0.5ms)[0m  [1m[36mcommit transaction[0m
Migrating to CreateAppointments (20210322155054)
  [1m[36mTRANSACTION (0.0ms)[0m  [1m[36mbegin transaction[0m
  [1m[35m (0.3ms)[0m  [1m[35mCREATE TABLE "appointments" ("id" integer PRIMARY KEY AUTOINCREMENT NOT NULL, "time" varchar, "client" varchar, "day_id" integer NOT NULL, "created_at" datetime(6) NOT NULL, "updated_at" datetime(6) NOT NULL, CONSTRAINT "fk_rails_b8753cdf79"
FOREIGN KEY ("day_id")
  REFERENCES "days" ("id")
)[0m
  [1m[35m (0.1ms)[0m  [1m[35mCREATE INDEX "index_appointments_on_day_id" ON "appointments" ("day_id")[0m
  [1m[36mActiveRecord::SchemaMigration Create (0.1ms)[0m  [1m[32mINSERT INTO "schema_migrations" ("version") VALUES (?)[0m  [["version", "20210322155054"]]
  [1m[36mTRANSACTION (0.4ms)[0m  [1m[36mcommit transaction[0m
Migrating to CreateBarbers (20210322155125)
  [1m[36mTRANSACTION (0.0ms)[0m  [1m[36mbegin transaction[0m
  [1m[35m (0.3ms)[0m  [1m[35mCREATE TABLE "barbers" ("id" integer PRIMARY KEY AUTOINCREMENT NOT NULL, "name" varchar, "day_id" integer NOT NULL, "created_at" datetime(6) NOT NULL, "updated_at" datetime(6) NOT NULL, CONSTRAINT "fk_rails_218da44784"
FOREIGN KEY ("day_id")
  REFERENCES "days" ("id")
)[0m
  [1m[35m (0.1ms)[0m  [1m[35mCREATE INDEX "index_barbers_on_day_id" ON "barbers" ("day_id")[0m
  [1m[36mActiveRecord::SchemaMigration Create (0.1ms)[0m  [1m[32mINSERT INTO "schema_migrations" ("version") VALUES (?)[0m  [["version", "20210322155125"]]
  [1m[36mTRANSACTION (0.6ms)[0m  [1m[36mcommit transaction[0m
  [1m[36mActiveRecord::InternalMetadata Load (0.4ms)[0m  [1m[34mSELECT "ar_internal_metadata".* FROM "ar_internal_metadata" WHERE "ar_internal_metadata"."key" = ? LIMIT ?[0m  [["key", "environment"], ["LIMIT", 1]]
  [1m[35m (0.0ms)[0m  [1m[34mSELECT sqlite_version(*)[0m
  [1m[35m (0.1ms)[0m  [1m[34mSELECT "schema_migrations"."version" FROM "schema_migrations" ORDER BY "schema_migrations"."version" ASC[0m
  [1m[35m (0.5ms)[0m  [1m[34mSELECT sqlite_version(*)[0m
  [1m[36mTRANSACTION (0.1ms)[0m  [1m[36mbegin transaction[0m
  [1m[36mDay Create (0.5ms)[0m  [1m[32mINSERT INTO "days" ("created_at", "updated_at") VALUES (?, ?)[0m  [["created_at", "2021-03-22 16:02:08.130432"], ["updated_at", "2021-03-22 16:02:08.130432"]]
  [1m[36mTRANSACTION (1.0ms)[0m  [1m[36mcommit transaction[0m
  [1m[36mTRANSACTION (0.1ms)[0m  [1m[36mbegin transaction[0m
  [1m[36mDay Load (0.2ms)[0m  [1m[34mSELECT "days".* FROM "days" WHERE "days"."id" = ? LIMIT ?[0m  [["id", 1], ["LIMIT", 1]]
  [1m[36mBarber Create (0.5ms)[0m  [1m[32mINSERT INTO "barbers" ("day_id", "created_at", "updated_at") VALUES (?, ?, ?)[0m  [["day_id", 1], ["created_at", "2021-03-22 16:02:19.369887"], ["updated_at", "2021-03-22 16:02:19.369887"]]
  [1m[36mTRANSACTION (0.9ms)[0m  [1m[36mcommit transaction[0m
  [1m[36mTRANSACTION (0.1ms)[0m  [1m[36mbegin transaction[0m
  [1m[36mDay Load (0.2ms)[0m  [1m[34mSELECT "days".* FROM "days" WHERE "days"."id" = ? LIMIT ?[0m  [["id", 1], ["LIMIT", 1]]
  [1m[36mAppointment Create (0.6ms)[0m  [1m[32mINSERT INTO "appointments" ("day_id", "created_at", "updated_at") VALUES (?, ?, ?)[0m  [["day_id", 1], ["created_at", "2021-03-22 16:02:40.419176"], ["updated_at", "2021-03-22 16:02:40.419176"]]
  [1m[36mTRANSACTION (1.3ms)[0m  [1m[36mcommit transaction[0m
  [1m[36mBarber Load (0.2ms)[0m  [1m[34mSELECT "barbers".* FROM "barbers" WHERE "barbers"."day_id" = ? /* loading for inspect */ LIMIT ?[0m  [["day_id", 1], ["LIMIT", 11]]
  [1m[35m (0.4ms)[0m  [1m[34mSELECT sqlite_version(*)[0m
  [1m[35m (0.1ms)[0m  [1m[34mSELECT "schema_migrations"."version" FROM "schema_migrations" ORDER BY "schema_migrations"."version" ASC[0m
  [1m[35m (0.4ms)[0m  [1m[34mSELECT "ar_internal_metadata"."value" FROM "ar_internal_metadata" WHERE "ar_internal_metadata"."key" = ?[0m  [["key", "environment"]]
  [1m[35m (0.1ms)[0m  [1m[34mSELECT "schema_migrations"."version" FROM "schema_migrations" ORDER BY "schema_migrations"."version" ASC[0m
  [1m[35m (0.1ms)[0m  [1m[34mSELECT "ar_internal_metadata"."value" FROM "ar_internal_metadata" WHERE "ar_internal_metadata"."key" = ?[0m  [["key", "environment"]]
  [1m[35m (0.1ms)[0m  [1m[34mSELECT "schema_migrations"."version" FROM "schema_migrations" ORDER BY "schema_migrations"."version" ASC[0m
  [1m[35m (0.1ms)[0m  [1m[34mSELECT "ar_internal_metadata"."value" FROM "ar_internal_metadata" WHERE "ar_internal_metadata"."key" = ?[0m  [["key", "environment"]]
  [1m[35m (0.0ms)[0m  [1m[34mSELECT sqlite_version(*)[0m
  [1m[35m (0.0ms)[0m  [1m[34mSELECT sqlite_version(*)[0m
  [1m[35m (0.0ms)[0m  [1m[34mSELECT sqlite_version(*)[0m
  [1m[35m (0.1ms)[0m  [1m[35mDROP TABLE IF EXISTS "appointments"[0m
  [1m[35m (0.8ms)[0m  [1m[35mCREATE TABLE "appointments" ("id" integer PRIMARY KEY AUTOINCREMENT NOT NULL, "time" varchar, "client" varchar, "day_id" integer NOT NULL, "created_at" datetime(6) NOT NULL, "updated_at" datetime(6) NOT NULL)[0m
  [1m[35m (0.7ms)[0m  [1m[35mCREATE INDEX "index_appointments_on_day_id" ON "appointments" ("day_id")[0m
  [1m[35m (0.1ms)[0m  [1m[35mDROP TABLE IF EXISTS "barbers"[0m
  [1m[35m (0.6ms)[0m  [1m[35mCREATE TABLE "barbers" ("id" integer PRIMARY KEY AUTOINCREMENT NOT NULL, "name" varchar, "day_id" integer NOT NULL, "created_at" datetime(6) NOT NULL, "updated_at" datetime(6) NOT NULL)[0m
  [1m[35m (0.5ms)[0m  [1m[35mCREATE INDEX "index_barbers_on_day_id" ON "barbers" ("day_id")[0m
  [1m[35m (0.1ms)[0m  [1m[35mDROP TABLE IF EXISTS "days"[0m
  [1m[35m (0.6ms)[0m  [1m[35mCREATE TABLE "days" ("id" integer PRIMARY KEY AUTOINCREMENT NOT NULL, "date" varchar, "open_hour" integer, "close_hour" integer, "created_at" datetime(6) NOT NULL, "updated_at" datetime(6) NOT NULL)[0m
  [1m[36mTRANSACTION (0.0ms)[0m  [1m[36mbegin transaction[0m
  [1m[35m (0.0ms)[0m  [1m[35mPRAGMA foreign_keys[0m
  [1m[35m (0.0ms)[0m  [1m[35mPRAGMA defer_foreign_keys[0m
  [1m[35m (0.0ms)[0m  [1m[35mPRAGMA defer_foreign_keys = ON[0m
  [1m[35m (0.0ms)[0m  [1m[35mPRAGMA foreign_keys = OFF[0m
  [1m[35m (0.2ms)[0m  [1m[35mCREATE TEMPORARY TABLE "aappointments" ("id" integer NOT NULL PRIMARY KEY, "time" varchar DEFAULT NULL, "client" varchar DEFAULT NULL, "day_id" integer NOT NULL, "created_at" datetime(6) NOT NULL, "updated_at" datetime(6) NOT NULL)[0m
  [1m[35m (0.1ms)[0m  [1m[35mCREATE INDEX "tindex_aappointments_on_day_id" ON "aappointments" ("day_id")[0m
  [1m[35m (0.1ms)[0m  [1m[32mINSERT INTO "aappointments" ("id","time","client","day_id","created_at","updated_at")
                     SELECT "id","time","client","day_id","created_at","updated_at" FROM "appointments"[0m
  [1m[35m (0.3ms)[0m  [1m[35mDROP TABLE "appointments"[0m
  [1m[35m (0.1ms)[0m  [1m[35mCREATE TABLE "appointments" ("id" integer NOT NULL PRIMARY KEY, "time" varchar DEFAULT NULL, "client" varchar DEFAULT NULL, "day_id" integer NOT NULL, "created_at" datetime(6) NOT NULL, "updated_at" datetime(6) NOT NULL, CONSTRAINT "fk_rails_b8753cdf79"
FOREIGN KEY ("day_id")
  REFERENCES "days" ("id")
)[0m
  [1m[35m (0.1ms)[0m  [1m[35mCREATE INDEX "index_appointments_on_day_id" ON "appointments" ("day_id")[0m
  [1m[35m (0.1ms)[0m  [1m[32mINSERT INTO "appointments" ("id","time","client","day_id","created_at","updated_at")
                     SELECT "id","time","client","day_id","created_at","updated_at" FROM "aappointments"[0m
  [1m[35m (0.1ms)[0m  [1m[35mDROP TABLE "aappointments"[0m
  [1m[35m (0.0ms)[0m  [1m[35mPRAGMA defer_foreign_keys = 0[0m
  [1m[35m (0.0ms)[0m  [1m[35mPRAGMA foreign_keys = 1[0m
  [1m[36mTRANSACTION (0.6ms)[0m  [1m[36mcommit transaction[0m
  [1m[36mTRANSACTION (0.0ms)[0m  [1m[36mbegin transaction[0m
  [1m[35m (0.1ms)[0m  [1m[35mPRAGMA foreign_keys[0m
  [1m[35m (0.0ms)[0m  [1m[35mPRAGMA defer_foreign_keys[0m
  [1m[35m (0.0ms)[0m  [1m[35mPRAGMA defer_foreign_keys = ON[0m
  [1m[35m (0.1ms)[0m  [1m[35mPRAGMA foreign_keys = OFF[0m
  [1m[35m (0.1ms)[0m  [1m[35mCREATE TEMPORARY TABLE "abarbers" ("id" integer NOT NULL PRIMARY KEY, "name" varchar DEFAULT NULL, "day_id" integer NOT NULL, "created_at" datetime(6) NOT NULL, "updated_at" datetime(6) NOT NULL)[0m
  [1m[35m (0.1ms)[0m  [1m[35mCREATE INDEX "tindex_abarbers_on_day_id" ON "abarbers" ("day_id")[0m
  [1m[35m (0.1ms)[0m  [1m[32mINSERT INTO "abarbers" ("id","name","day_id","created_at","updated_at")
                     SELECT "id","name","day_id","created_at","updated_at" FROM "barbers"[0m
  [1m[35m (0.3ms)[0m  [1m[35mDROP TABLE "barbers"[0m
  [1m[35m (0.1ms)[0m  [1m[35mCREATE TABLE "barbers" ("id" integer NOT NULL PRIMARY KEY, "name" varchar DEFAULT NULL, "day_id" integer NOT NULL, "created_at" datetime(6) NOT NULL, "updated_at" datetime(6) NOT NULL, CONSTRAINT "fk_rails_218da44784"
FOREIGN KEY ("day_id")
  REFERENCES "days" ("id")
)[0m
  [1m[35m (0.1ms)[0m  [1m[35mCREATE INDEX "index_barbers_on_day_id" ON "barbers" ("day_id")[0m
  [1m[35m (0.0ms)[0m  [1m[32mINSERT INTO "barbers" ("id","name","day_id","created_at","updated_at")
                     SELECT "id","name","day_id","created_at","updated_at" FROM "abarbers"[0m
  [1m[35m (0.1ms)[0m  [1m[35mDROP TABLE "abarbers"[0m
  [1m[35m (0.0ms)[0m  [1m[35mPRAGMA defer_foreign_keys = 0[0m
  [1m[35m (0.0ms)[0m  [1m[35mPRAGMA foreign_keys = 1[0m
  [1m[36mTRANSACTION (0.8ms)[0m  [1m[36mcommit transaction[0m
  [1m[35m (0.9ms)[0m  [1m[35mCREATE TABLE "schema_migrations" ("version" varchar NOT NULL PRIMARY KEY)[0m
  [1m[35m (0.1ms)[0m  [1m[34mSELECT "schema_migrations"."version" FROM "schema_migrations" ORDER BY "schema_migrations"."version" ASC[0m
  [1m[35m (0.9ms)[0m  [1m[32mINSERT INTO "schema_migrations" (version) VALUES (20210322155125)[0m
  [1m[35m (0.9ms)[0m  [1m[32mINSERT INTO "schema_migrations" (version) VALUES
(20210322154936),
(20210322155054);

[0m
  [1m[35m (0.9ms)[0m  [1m[35mCREATE TABLE "ar_internal_metadata" ("key" varchar NOT NULL PRIMARY KEY, "value" varchar, "created_at" datetime(6) NOT NULL, "updated_at" datetime(6) NOT NULL)[0m
  [1m[36mActiveRecord::InternalMetadata Load (0.1ms)[0m  [1m[34mSELECT "ar_internal_metadata".* FROM "ar_internal_metadata" WHERE "ar_internal_metadata"."key" = ? LIMIT ?[0m  [["key", "environment"], ["LIMIT", 1]]
  [1m[36mTRANSACTION (0.0ms)[0m  [1m[36mbegin transaction[0m
  [1m[36mActiveRecord::InternalMetadata Create (0.3ms)[0m  [1m[32mINSERT INTO "ar_internal_metadata" ("key", "value", "created_at", "updated_at") VALUES (?, ?, ?, ?)[0m  [["key", "environment"], ["value", "development"], ["created_at", "2021-03-22 16:03:33.951863"], ["updated_at", "2021-03-22 16:03:33.951863"]]
  [1m[36mTRANSACTION (0.7ms)[0m  [1m[36mcommit transaction[0m
  [1m[36mActiveRecord::InternalMetadata Load (0.1ms)[0m  [1m[34mSELECT "ar_internal_metadata".* FROM "ar_internal_metadata" WHERE "ar_internal_metadata"."key" = ? LIMIT ?[0m  [["key", "environment"], ["LIMIT", 1]]
  [1m[36mActiveRecord::InternalMetadata Load (0.1ms)[0m  [1m[34mSELECT "ar_internal_metadata".* FROM "ar_internal_metadata" WHERE "ar_internal_metadata"."key" = ? LIMIT ?[0m  [["key", "schema_sha1"], ["LIMIT", 1]]
  [1m[36mTRANSACTION (0.0ms)[0m  [1m[36mbegin transaction[0m
  [1m[36mActiveRecord::InternalMetadata Create (0.2ms)[0m  [1m[32mINSERT INTO "ar_internal_metadata" ("key", "value", "created_at", "updated_at") VALUES (?, ?, ?, ?)[0m  [["key", "schema_sha1"], ["value", "06fd30377cbf2a03d929f58888240e10516c5589"], ["created_at", "2021-03-22 16:03:33.957742"], ["updated_at", "2021-03-22 16:03:33.957742"]]
  [1m[36mTRANSACTION (0.6ms)[0m  [1m[36mcommit transaction[0m
  [1m[35m (0.0ms)[0m  [1m[34mSELECT sqlite_version(*)[0m
  [1m[35m (0.1ms)[0m  [1m[35mDROP TABLE IF EXISTS "appointments"[0m
  [1m[35m (0.9ms)[0m  [1m[35mCREATE TABLE "appointments" ("id" integer PRIMARY KEY AUTOINCREMENT NOT NULL, "time" varchar, "client" varchar, "day_id" integer NOT NULL, "created_at" datetime(6) NOT NULL, "updated_at" datetime(6) NOT NULL)[0m
  [1m[35m (1.0ms)[0m  [1m[35mCREATE INDEX "index_appointments_on_day_id" ON "appointments" ("day_id")[0m
  [1m[35m (0.1ms)[0m  [1m[35mDROP TABLE IF EXISTS "barbers"[0m
  [1m[35m (0.9ms)[0m  [1m[35mCREATE TABLE "barbers" ("id" integer PRIMARY KEY AUTOINCREMENT NOT NULL, "name" varchar, "day_id" integer NOT NULL, "created_at" datetime(6) NOT NULL, "updated_at" datetime(6) NOT NULL)[0m
  [1m[35m (0.8ms)[0m  [1m[35mCREATE INDEX "index_barbers_on_day_id" ON "barbers" ("day_id")[0m
  [1m[35m (0.1ms)[0m  [1m[35mDROP TABLE IF EXISTS "days"[0m
  [1m[35m (1.0ms)[0m  [1m[35mCREATE TABLE "days" ("id" integer PRIMARY KEY AUTOINCREMENT NOT NULL, "date" varchar, "open_hour" integer, "close_hour" integer, "created_at" datetime(6) NOT NULL, "updated_at" datetime(6) NOT NULL)[0m
  [1m[36mTRANSACTION (0.0ms)[0m  [1m[36mbegin transaction[0m
  [1m[35m (0.0ms)[0m  [1m[35mPRAGMA foreign_keys[0m
  [1m[35m (0.0ms)[0m  [1m[35mPRAGMA defer_foreign_keys[0m
  [1m[35m (0.0ms)[0m  [1m[35mPRAGMA defer_foreign_keys = ON[0m
  [1m[35m (0.0ms)[0m  [1m[35mPRAGMA foreign_keys = OFF[0m
  [1m[35m (0.1ms)[0m  [1m[35mCREATE TEMPORARY TABLE "aappointments" ("id" integer NOT NULL PRIMARY KEY, "time" varchar DEFAULT NULL, "client" varchar DEFAULT NULL, "day_id" integer NOT NULL, "created_at" datetime(6) NOT NULL, "updated_at" datetime(6) NOT NULL)[0m
  [1m[35m (0.1ms)[0m  [1m[35mCREATE INDEX "tindex_aappointments_on_day_id" ON "aappointments" ("day_id")[0m
  [1m[35m (0.0ms)[0m  [1m[32mINSERT INTO "aappointments" ("id","time","client","day_id","created_at","updated_at")
                     SELECT "id","time","client","day_id","created_at","updated_at" FROM "appointments"[0m
  [1m[35m (0.3ms)[0m  [1m[35mDROP TABLE "appointments"[0m
  [1m[35m (0.1ms)[0m  [1m[35mCREATE TABLE "appointments" ("id" integer NOT NULL PRIMARY KEY, "time" varchar DEFAULT NULL, "client" varchar DEFAULT NULL, "day_id" integer NOT NULL, "created_at" datetime(6) NOT NULL, "updated_at" datetime(6) NOT NULL, CONSTRAINT "fk_rails_b8753cdf79"
FOREIGN KEY ("day_id")
  REFERENCES "days" ("id")
)[0m
  [1m[35m (0.1ms)[0m  [1m[35mCREATE INDEX "index_appointments_on_day_id" ON "appointments" ("day_id")[0m
  [1m[35m (0.1ms)[0m  [1m[32mINSERT INTO "appointments" ("id","time","client","day_id","created_at","updated_at")
                     SELECT "id","time","client","day_id","created_at","updated_at" FROM "aappointments"[0m
  [1m[35m (0.1ms)[0m  [1m[35mDROP TABLE "aappointments"[0m
  [1m[35m (0.0ms)[0m  [1m[35mPRAGMA defer_foreign_keys = 0[0m
  [1m[35m (0.0ms)[0m  [1m[35mPRAGMA foreign_keys = 1[0m
  [1m[36mTRANSACTION (1.4ms)[0m  [1m[36mcommit transaction[0m
  [1m[36mTRANSACTION (0.0ms)[0m  [1m[36mbegin transaction[0m
  [1m[35m (0.0ms)[0m  [1m[35mPRAGMA foreign_keys[0m
  [1m[35m (0.0ms)[0m  [1m[35mPRAGMA defer_foreign_keys[0m
  [1m[35m (0.0ms)[0m  [1m[35mPRAGMA defer_foreign_keys = ON[0m
  [1m[35m (0.0ms)[0m  [1m[35mPRAGMA foreign_keys = OFF[0m
  [1m[35m (0.1ms)[0m  [1m[35mCREATE TEMPORARY TABLE "abarbers" ("id" integer NOT NULL PRIMARY KEY, "name" varchar DEFAULT NULL, "day_id" integer NOT NULL, "created_at" datetime(6) NOT NULL, "updated_at" datetime(6) NOT NULL)[0m
  [1m[35m (0.1ms)[0m  [1m[35mCREATE INDEX "tindex_abarbers_on_day_id" ON "abarbers" ("day_id")[0m
  [1m[35m (0.0ms)[0m  [1m[32mINSERT INTO "abarbers" ("id","name","day_id","created_at","updated_at")
                     SELECT "id","name","day_id","created_at","updated_at" FROM "barbers"[0m
  [1m[35m (0.3ms)[0m  [1m[35mDROP TABLE "barbers"[0m
  [1m[35m (16.7ms)[0m  [1m[35mCREATE TABLE "barbers" ("id" integer NOT NULL PRIMARY KEY, "name" varchar DEFAULT NULL, "day_id" integer NOT NULL, "created_at" datetime(6) NOT NULL, "updated_at" datetime(6) NOT NULL, CONSTRAINT "fk_rails_218da44784"
FOREIGN KEY ("day_id")
  REFERENCES "days" ("id")
)[0m
  [1m[35m (0.1ms)[0m  [1m[35mCREATE INDEX "index_barbers_on_day_id" ON "barbers" ("day_id")[0m
  [1m[35m (0.0ms)[0m  [1m[32mINSERT INTO "barbers" ("id","name","day_id","created_at","updated_at")
                     SELECT "id","name","day_id","created_at","updated_at" FROM "abarbers"[0m
  [1m[35m (0.1ms)[0m  [1m[35mDROP TABLE "abarbers"[0m
  [1m[35m (0.0ms)[0m  [1m[35mPRAGMA defer_foreign_keys = 0[0m
  [1m[35m (0.0ms)[0m  [1m[35mPRAGMA foreign_keys = 1[0m
  [1m[36mTRANSACTION (0.6ms)[0m  [1m[36mcommit transaction[0m
  [1m[35m (0.9ms)[0m  [1m[35mCREATE TABLE "schema_migrations" ("version" varchar NOT NULL PRIMARY KEY)[0m
  [1m[35m (0.1ms)[0m  [1m[34mSELECT "schema_migrations"."version" FROM "schema_migrations" ORDER BY "schema_migrations"."version" ASC[0m
  [1m[35m (0.9ms)[0m  [1m[32mINSERT INTO "schema_migrations" (version) VALUES (20210322155125)[0m
  [1m[35m (0.8ms)[0m  [1m[32mINSERT INTO "schema_migrations" (version) VALUES
(20210322154936),
(20210322155054);

[0m
  [1m[35m (0.9ms)[0m  [1m[35mCREATE TABLE "ar_internal_metadata" ("key" varchar NOT NULL PRIMARY KEY, "value" varchar, "created_at" datetime(6) NOT NULL, "updated_at" datetime(6) NOT NULL)[0m
  [1m[36mActiveRecord::InternalMetadata Load (0.1ms)[0m  [1m[34mSELECT "ar_internal_metadata".* FROM "ar_internal_metadata" WHERE "ar_internal_metadata"."key" = ? LIMIT ?[0m  [["key", "environment"], ["LIMIT", 1]]
  [1m[36mTRANSACTION (0.0ms)[0m  [1m[36mbegin transaction[0m
  [1m[36mActiveRecord::InternalMetadata Create (0.2ms)[0m  [1m[32mINSERT INTO "ar_internal_metadata" ("key", "value", "created_at", "updated_at") VALUES (?, ?, ?, ?)[0m  [["key", "environment"], ["value", "development"], ["created_at", "2021-03-22 16:03:34.021145"], ["updated_at", "2021-03-22 16:03:34.021145"]]
  [1m[36mTRANSACTION (0.5ms)[0m  [1m[36mcommit transaction[0m
  [1m[36mActiveRecord::InternalMetadata Load (0.1ms)[0m  [1m[34mSELECT "ar_internal_metadata".* FROM "ar_internal_metadata" WHERE "ar_internal_metadata"."key" = ? LIMIT ?[0m  [["key", "environment"], ["LIMIT", 1]]
  [1m[36mTRANSACTION (0.0ms)[0m  [1m[36mbegin transaction[0m
  [1m[36mActiveRecord::InternalMetadata Update (0.2ms)[0m  [1m[33mUPDATE "ar_internal_metadata" SET "value" = ?, "updated_at" = ? WHERE "ar_internal_metadata"."key" = ?[0m  [["value", "test"], ["updated_at", "2021-03-22 16:03:34.024690"], ["key", "environment"]]
  [1m[36mTRANSACTION (0.6ms)[0m  [1m[36mcommit transaction[0m
  [1m[36mActiveRecord::InternalMetadata Load (0.1ms)[0m  [1m[34mSELECT "ar_internal_metadata".* FROM "ar_internal_metadata" WHERE "ar_internal_metadata"."key" = ? LIMIT ?[0m  [["key", "schema_sha1"], ["LIMIT", 1]]
  [1m[36mTRANSACTION (0.0ms)[0m  [1m[36mbegin transaction[0m
  [1m[36mActiveRecord::InternalMetadata Create (0.4ms)[0m  [1m[32mINSERT INTO "ar_internal_metadata" ("key", "value", "created_at", "updated_at") VALUES (?, ?, ?, ?)[0m  [["key", "schema_sha1"], ["value", "06fd30377cbf2a03d929f58888240e10516c5589"], ["created_at", "2021-03-22 16:03:34.028331"], ["updated_at", "2021-03-22 16:03:34.028331"]]
  [1m[36mTRANSACTION (0.5ms)[0m  [1m[36mcommit transaction[0m
  [1m[35m (0.0ms)[0m  [1m[34mSELECT sqlite_version(*)[0m
  [1m[35m (0.1ms)[0m  [1m[34mSELECT "schema_migrations"."version" FROM "schema_migrations" ORDER BY "schema_migrations"."version" ASC[0m
Started GET "/rails/info/routes" for ::1 at 2021-03-22 13:21:52 -0400
  [1m[35m (0.8ms)[0m  [1m[34mSELECT sqlite_version(*)[0m
  [1m[35m (0.3ms)[0m  [1m[34mSELECT "schema_migrations"."version" FROM "schema_migrations" ORDER BY "schema_migrations"."version" ASC[0m
Processing by Rails::InfoController#routes as HTML
  Rendering layout /Users/dariocarlino/.rvm/gems/ruby-2.6.1/gems/railties-6.1.3/lib/rails/templates/layouts/application.html.erb
  Rendering /Users/dariocarlino/.rvm/gems/ruby-2.6.1/gems/railties-6.1.3/lib/rails/templates/rails/info/routes.html.erb within layouts/application
  Rendered collection of /Users/dariocarlino/.rvm/gems/ruby-2.6.1/gems/actionpack-6.1.3/lib/action_dispatch/middleware/templates/routes/_route.html.erb [42 times] (Duration: 8.5ms | Allocations: 4706)
  Rendered /Users/dariocarlino/.rvm/gems/ruby-2.6.1/gems/actionpack-6.1.3/lib/action_dispatch/middleware/templates/routes/_table.html.erb (Duration: 3.3ms | Allocations: 1181)
  Rendered /Users/dariocarlino/.rvm/gems/ruby-2.6.1/gems/railties-6.1.3/lib/rails/templates/rails/info/routes.html.erb within layouts/application (Duration: 19.8ms | Allocations: 9607)
  Rendered layout /Users/dariocarlino/.rvm/gems/ruby-2.6.1/gems/railties-6.1.3/lib/rails/templates/layouts/application.html.erb (Duration: 20.9ms | Allocations: 9852)
Completed 200 OK in 43ms (Views: 27.3ms | ActiveRecord: 0.0ms | Allocations: 13921)


Started GET "/days" for ::1 at 2021-03-22 13:23:49 -0400
Processing by DaysController#index as HTML
  [1m[36mDay Load (0.5ms)[0m  [1m[34mSELECT "days".* FROM "days"[0m
  ↳ app/controllers/days_controller.rb:6:in `index'
Completed 200 OK in 9ms (Views: 1.6ms | ActiveRecord: 0.5ms | Allocations: 3028)


Started GET "/days" for ::1 at 2021-03-23 09:29:47 -0400
Processing by DaysController#index as */*
  [1m[35m (0.3ms)[0m  [1m[34mSELECT sqlite_version(*)[0m
  ↳ app/controllers/days_controller.rb:6:in `index'
  [1m[36mDay Load (0.6ms)[0m  [1m[34mSELECT "days".* FROM "days"[0m
  ↳ app/controllers/days_controller.rb:6:in `index'
Completed 200 OK in 15ms (Views: 11.8ms | ActiveRecord: 1.9ms | Allocations: 1194)


Started GET "/days" for ::1 at 2021-03-23 09:30:40 -0400
  [1m[35m (1.0ms)[0m  [1m[34mSELECT sqlite_version(*)[0m
  [1m[35m (0.5ms)[0m  [1m[34mSELECT "schema_migrations"."version" FROM "schema_migrations" ORDER BY "schema_migrations"."version" ASC[0m
Processing by DaysController#index as */*
  [1m[36mDay Load (0.6ms)[0m  [1m[34mSELECT "days".* FROM "days"[0m
  ↳ app/controllers/days_controller.rb:6:in `index'
Completed 200 OK in 13ms (Views: 1.4ms | ActiveRecord: 0.6ms | Allocations: 5073)


Started GET "/days" for ::1 at 2021-03-23 09:31:06 -0400
Processing by DaysController#index as */*
  [1m[36mDay Load (0.3ms)[0m  [1m[34mSELECT "days".* FROM "days"[0m
  ↳ app/controllers/days_controller.rb:6:in `index'
Completed 200 OK in 4ms (Views: 2.5ms | ActiveRecord: 0.3ms | Allocations: 600)


Started GET "/days" for ::1 at 2021-03-23 09:33:44 -0400
Processing by DaysController#index as */*
  [1m[36mDay Load (0.2ms)[0m  [1m[34mSELECT "days".* FROM "days"[0m
  ↳ app/controllers/days_controller.rb:6:in `index'
Completed 200 OK in 2ms (Views: 1.5ms | ActiveRecord: 0.2ms | Allocations: 600)


Started GET "/days" for ::1 at 2021-03-23 09:33:52 -0400
Processing by DaysController#index as */*
  [1m[36mDay Load (0.2ms)[0m  [1m[34mSELECT "days".* FROM "days"[0m
  ↳ app/controllers/days_controller.rb:6:in `index'
Completed 200 OK in 2ms (Views: 1.6ms | ActiveRecord: 0.2ms | Allocations: 600)


  [1m[35m (1.0ms)[0m  [1m[34mSELECT sqlite_version(*)[0m
  [1m[36mTRANSACTION (0.2ms)[0m  [1m[36mbegin transaction[0m
  [1m[36mDay Create (1.4ms)[0m  [1m[32mINSERT INTO "days" ("created_at", "updated_at") VALUES (?, ?)[0m  [["created_at", "2021-03-23 13:40:15.810691"], ["updated_at", "2021-03-23 13:40:15.810691"]]
  [1m[36mTRANSACTION (2.3ms)[0m  [1m[36mcommit transaction[0m
Started GET "/days" for ::1 at 2021-03-23 09:40:29 -0400
  [1m[35m (1.1ms)[0m  [1m[34mSELECT sqlite_version(*)[0m
  [1m[35m (0.7ms)[0m  [1m[34mSELECT "schema_migrations"."version" FROM "schema_migrations" ORDER BY "schema_migrations"."version" ASC[0m
Processing by DaysController#index as */*
  [1m[36mDay Load (0.6ms)[0m  [1m[34mSELECT "days".* FROM "days"[0m
  ↳ app/controllers/days_controller.rb:6:in `index'
Completed 200 OK in 19ms (Views: 6.1ms | ActiveRecord: 1.0ms | Allocations: 8626)


Started GET "/days" for ::1 at 2021-03-23 10:31:01 -0400
Processing by DaysController#index as */*
  [1m[35m (0.1ms)[0m  [1m[34mSELECT sqlite_version(*)[0m
  ↳ app/controllers/days_controller.rb:6:in `index'
  [1m[36mDay Load (0.2ms)[0m  [1m[34mSELECT "days".* FROM "days"[0m
  ↳ app/controllers/days_controller.rb:6:in `index'
Completed 200 OK in 6ms (Views: 4.5ms | ActiveRecord: 0.6ms | Allocations: 1291)


Started GET "/days" for ::1 at 2021-03-23 10:31:41 -0400
Processing by DaysController#index as */*
  [1m[36mDay Load (0.2ms)[0m  [1m[34mSELECT "days".* FROM "days"[0m
  ↳ app/controllers/days_controller.rb:6:in `index'
Completed 200 OK in 3ms (Views: 2.2ms | ActiveRecord: 0.2ms | Allocations: 711)


Started GET "/days" for ::1 at 2021-03-23 10:32:04 -0400
Processing by DaysController#index as */*
  [1m[36mDay Load (0.1ms)[0m  [1m[34mSELECT "days".* FROM "days"[0m
  ↳ app/controllers/days_controller.rb:6:in `index'
Completed 200 OK in 2ms (Views: 1.7ms | ActiveRecord: 0.1ms | Allocations: 711)


Started GET "/days" for ::1 at 2021-03-23 10:32:10 -0400
Processing by DaysController#index as */*
  [1m[36mDay Load (0.3ms)[0m  [1m[34mSELECT "days".* FROM "days"[0m
  ↳ app/controllers/days_controller.rb:6:in `index'
Completed 200 OK in 4ms (Views: 3.4ms | ActiveRecord: 0.3ms | Allocations: 711)


Started GET "/days" for ::1 at 2021-03-23 11:20:35 -0400
Processing by DaysController#index as */*
  [1m[35m (0.2ms)[0m  [1m[34mSELECT sqlite_version(*)[0m
  ↳ app/controllers/days_controller.rb:6:in `index'
  [1m[36mDay Load (0.5ms)[0m  [1m[34mSELECT "days".* FROM "days"[0m
  ↳ app/controllers/days_controller.rb:6:in `index'
Completed 200 OK in 21ms (Views: 17.2ms | ActiveRecord: 1.8ms | Allocations: 1272)


Started GET "/days" for ::1 at 2021-03-23 11:21:03 -0400
Processing by DaysController#index as */*
  [1m[36mDay Load (0.2ms)[0m  [1m[34mSELECT "days".* FROM "days"[0m
  ↳ app/controllers/days_controller.rb:6:in `index'
Completed 200 OK in 2ms (Views: 1.9ms | ActiveRecord: 0.2ms | Allocations: 693)


Started GET "/days" for ::1 at 2021-03-23 11:21:22 -0400
Processing by DaysController#index as */*
  [1m[36mDay Load (0.1ms)[0m  [1m[34mSELECT "days".* FROM "days"[0m
  ↳ app/controllers/days_controller.rb:6:in `index'
Completed 200 OK in 2ms (Views: 1.8ms | ActiveRecord: 0.1ms | Allocations: 693)


Started GET "/days" for ::1 at 2021-03-23 11:22:41 -0400
Processing by DaysController#index as */*
  [1m[36mDay Load (0.2ms)[0m  [1m[34mSELECT "days".* FROM "days"[0m
  ↳ app/controllers/days_controller.rb:6:in `index'
Completed 200 OK in 2ms (Views: 1.7ms | ActiveRecord: 0.2ms | Allocations: 693)


Started GET "/days" for ::1 at 2021-03-23 11:23:33 -0400
Processing by DaysController#index as */*
  [1m[36mDay Load (0.2ms)[0m  [1m[34mSELECT "days".* FROM "days"[0m
  ↳ app/controllers/days_controller.rb:6:in `index'
Completed 200 OK in 3ms (Views: 2.6ms | ActiveRecord: 0.2ms | Allocations: 693)


Started GET "/days" for ::1 at 2021-03-23 11:23:51 -0400
Processing by DaysController#index as */*
  [1m[36mDay Load (0.2ms)[0m  [1m[34mSELECT "days".* FROM "days"[0m
  ↳ app/controllers/days_controller.rb:6:in `index'
Completed 200 OK in 2ms (Views: 1.7ms | ActiveRecord: 0.2ms | Allocations: 693)


Started GET "/days" for ::1 at 2021-03-23 11:28:42 -0400
Processing by DaysController#index as */*
  [1m[36mDay Load (0.2ms)[0m  [1m[34mSELECT "days".* FROM "days"[0m
  ↳ app/controllers/days_controller.rb:6:in `index'
Completed 200 OK in 2ms (Views: 2.0ms | ActiveRecord: 0.2ms | Allocations: 693)


Started GET "/days" for ::1 at 2021-03-23 11:29:25 -0400
Processing by DaysController#index as */*
  [1m[36mDay Load (0.1ms)[0m  [1m[34mSELECT "days".* FROM "days"[0m
  ↳ app/controllers/days_controller.rb:6:in `index'
Completed 200 OK in 2ms (Views: 1.4ms | ActiveRecord: 0.1ms | Allocations: 693)


Started GET "/days" for ::1 at 2021-03-23 11:30:00 -0400
Processing by DaysController#index as */*
  [1m[36mDay Load (0.1ms)[0m  [1m[34mSELECT "days".* FROM "days"[0m
  ↳ app/controllers/days_controller.rb:6:in `index'
Completed 200 OK in 2ms (Views: 1.5ms | ActiveRecord: 0.1ms | Allocations: 693)


Started GET "/days" for ::1 at 2021-03-23 11:30:56 -0400
Processing by DaysController#index as */*
  [1m[36mDay Load (0.2ms)[0m  [1m[34mSELECT "days".* FROM "days"[0m
  ↳ app/controllers/days_controller.rb:6:in `index'
Completed 200 OK in 3ms (Views: 2.5ms | ActiveRecord: 0.2ms | Allocations: 693)


Started POST "/days" for ::1 at 2021-03-23 11:31:14 -0400
Processing by DaysController#create as JSON
  Parameters: {"d"=>"february 21, 2021", "o"=>20, "c"=>151, "day"=>{}}
Completed 400 Bad Request in 1ms (ActiveRecord: 0.0ms | Allocations: 122)


  
ActionController::ParameterMissing (param is missing or the value is empty: day):
  
app/controllers/days_controller.rb:38:in `day_params'
app/controllers/days_controller.rb:14:in `create'
Started GET "/days" for ::1 at 2021-03-23 11:33:47 -0400
Processing by DaysController#index as */*
  [1m[36mDay Load (0.2ms)[0m  [1m[34mSELECT "days".* FROM "days"[0m
  ↳ app/controllers/days_controller.rb:6:in `index'
Completed 200 OK in 3ms (Views: 1.9ms | ActiveRecord: 0.2ms | Allocations: 692)


Started POST "/days" for ::1 at 2021-03-23 11:34:02 -0400
Processing by DaysController#create as JSON
  Parameters: {"day"=>"march 21, 2021", "open_hour"=>11, "close_hour"=>141}
Completed 500 Internal Server Error in 3ms (ActiveRecord: 0.0ms | Allocations: 990)


  
NoMethodError (undefined method `permit' for "march 21, 2021":String):
  
app/controllers/days_controller.rb:38:in `day_params'
app/controllers/days_controller.rb:14:in `create'
Started GET "/days" for ::1 at 2021-03-23 11:34:59 -0400
Processing by DaysController#index as */*
  [1m[36mDay Load (0.2ms)[0m  [1m[34mSELECT "days".* FROM "days"[0m
  ↳ app/controllers/days_controller.rb:6:in `index'
Completed 200 OK in 2ms (Views: 1.8ms | ActiveRecord: 0.2ms | Allocations: 692)


Started POST "/days" for ::1 at 2021-03-23 11:35:13 -0400
Processing by DaysController#create as JSON
  Parameters: {"date"=>"march 21, 2021", "open_hour"=>31, "close_hour"=>21, "day"=>{"date"=>"march 21, 2021", "open_hour"=>31, "close_hour"=>21}}
  [1m[36mTRANSACTION (0.1ms)[0m  [1m[36mbegin transaction[0m
  ↳ app/controllers/days_controller.rb:16:in `create'
  [1m[36mDay Create (1.0ms)[0m  [1m[32mINSERT INTO "days" ("date", "open_hour", "close_hour", "created_at", "updated_at") VALUES (?, ?, ?, ?, ?)[0m  [["date", "march 21, 2021"], ["open_hour", 31], ["close_hour", 21], ["created_at", "2021-03-23 15:35:13.057476"], ["updated_at", "2021-03-23 15:35:13.057476"]]
  ↳ app/controllers/days_controller.rb:16:in `create'
  [1m[36mTRANSACTION (0.7ms)[0m  [1m[36mcommit transaction[0m
  ↳ app/controllers/days_controller.rb:16:in `create'
Completed 201 Created in 7ms (Views: 1.0ms | ActiveRecord: 1.8ms | Allocations: 2186)


